building_id, mean_temp, std_temp, pct_above_18, pct_below_15
10000, 14.01233878811275, 6.367431059312565, 30.941014791508444, 55.542295034537624
10009, 11.000135812436373, 5.811144379826625, 16.6712734948236, 74.9723590310584
10014, 14.744169941950119, 7.037733284673848, 38.26367541377415, 52.80837116508215
10019, 14.735524480624482, 7.030325006703675, 38.14915412864569, 52.92926826787113
10029, 10.616037322820358, 6.317331938274926, 18.25563221896085, 74.51301795448481
10031, 12.507072852890545, 6.278432089100354, 24.044722033998173, 66.39513301711693
10051, 13.289039951277402, 5.999085063388632, 25.97693550756574, 62.859923608050536
10053, 11.366493551285709, 6.26121798185875, 19.9510754583921, 72.41052538787024
10056, 14.220114507861702, 6.179461157398302, 31.763454814173965, 57.06174975667784
10064, 12.71696893739585, 6.964227784263683, 28.79137124461432, 62.75688345539249
         244109 function calls (241075 primitive calls) in 110.499 seconds

   Ordered by: cumulative time

   ncalls  tottime  percall  cumtime  percall filename:lineno(function)
    117/1    0.001    0.000  110.499  110.499 {built-in method builtins.exec}
        1    0.028    0.028  110.499  110.499 simulate.py:1(<module>)
       10  107.564   10.756  109.419   10.942 simulate.py:13(jacobi)
    47282    0.119    0.000    1.848    0.000 {method 'max' of 'numpy.ndarray' objects}
    47282    0.077    0.000    1.729    0.000 _methods.py:39(_amax)
    47352    1.660    0.000    1.660    0.000 {method 'reduce' of 'numpy.ufunc' objects}
       15    0.001    0.000    1.409    0.094 __init__.py:1(<module>)
    155/1    0.001    0.000    0.780    0.780 <frozen importlib._bootstrap>:1165(_find_and_load)
    155/1    0.001    0.000    0.780    0.780 <frozen importlib._bootstrap>:1120(_find_and_load_unlocked)
    143/1    0.001    0.000    0.779    0.779 <frozen importlib._bootstrap>:666(_load_unlocked)
    115/1    0.001    0.000    0.779    0.779 <frozen importlib._bootstrap_external>:934(exec_module)
    380/2    0.000    0.000    0.777    0.389 <frozen importlib._bootstrap>:233(_call_with_frames_removed)
    375/9    0.001    0.000    0.741    0.082 {built-in method builtins.__import__}
   250/40    0.001    0.000    0.736    0.018 <frozen importlib._bootstrap>:1207(_handle_fromlist)
        1    0.000    0.000    0.324    0.324 _distributor_init.py:1(<module>)
       10    0.009    0.001    0.260    0.026 simulate.py:6(load_data)
       20    0.001    0.000    0.248    0.012 npyio.py:282(load)
        1    0.239    0.239    0.239    0.239 {built-in method mkl._py_mkl_service.get_version}
  143/138    0.000    0.000    0.206    0.001 <frozen importlib._bootstrap>:566(module_from_spec)
    27/25    0.000    0.000    0.200    0.008 <frozen importlib._bootstrap_external>:1231(create_module)
    27/25    0.194    0.007    0.200    0.008 {built-in method _imp.create_dynamic}
       20    0.000    0.000    0.172    0.009 format.py:738(read_array)
       20    0.163    0.008    0.163    0.008 {built-in method numpy.fromfile}
      115    0.002    0.000    0.146    0.001 <frozen importlib._bootstrap_external>:1007(get_code)
        1    0.000    0.000    0.139    0.139 __config__.py:1(<module>)
      195    0.129    0.001    0.129    0.001 {method 'read' of '_io.BufferedReader' objects}
        1    0.000    0.000    0.123    0.123 _pickle.py:1(<module>)
      115    0.001    0.000    0.119    0.001 <frozen importlib._bootstrap_external>:1127(get_data)
    27/17    0.000    0.000    0.103    0.006 <frozen importlib._bootstrap_external>:1239(exec_module)
    27/17    0.040    0.001    0.103    0.006 {built-in method _imp.exec_dynamic}
        1    0.000    0.000    0.069    0.069 secrets.py:1(<module>)
        1    0.000    0.000    0.062    0.062 hmac.py:1(<module>)
        1    0.000    0.000    0.056    0.056 index_tricks.py:1(<module>)
        1    0.000    0.000    0.046    0.046 multiarray.py:1(<module>)
        1    0.000    0.000    0.045    0.045 overrides.py:1(<module>)
        1    0.000    0.000    0.043    0.043 defmatrix.py:1(<module>)
      152    0.002    0.000    0.043    0.000 <frozen importlib._bootstrap>:1054(_find_spec)
      151    0.000    0.000    0.038    0.000 <frozen importlib._bootstrap_external>:1496(find_spec)
      151    0.001    0.000    0.038    0.000 <frozen importlib._bootstrap_external>:1464(_get_spec)
        1    0.000    0.000    0.038    0.038 linalg.py:1(<module>)
      115    0.037    0.000    0.037    0.000 {built-in method io.open_code}
      271    0.003    0.000    0.035    0.000 <frozen importlib._bootstrap_external>:1604(find_spec)
        1    0.000    0.000    0.031    0.031 numerictypes.py:1(<module>)
        1    0.000    0.000    0.028    0.028 _type_aliases.py:1(<module>)
        1    0.000    0.000    0.023    0.023 py3k.py:1(<module>)
        1    0.002    0.002    0.022    0.022 __init__.py:351(_sanity_check)
      115    0.001    0.000    0.021    0.000 <frozen importlib._bootstrap_external>:727(_compile_bytecode)
        1    0.020    0.020    0.020    0.020 {method 'dot' of 'numpy.ndarray' objects}
      115    0.020    0.000    0.020    0.000 {built-in method marshal.loads}
        1    0.000    0.000    0.018    0.018 numeric.py:1(<module>)
      603    0.000    0.000    0.018    0.000 <frozen importlib._bootstrap_external>:140(_path_stat)
      603    0.017    0.000    0.017    0.000 {built-in method posix.stat}
      116    0.015    0.000    0.015    0.000 {method '__exit__' of '_io._IOBase' objects}
  245/244    0.006    0.000    0.015    0.000 {built-in method builtins.__build_class__}
        1    0.000    0.000    0.014    0.014 __init__.py:32(__enter__)
  191/131    0.000    0.000    0.013    0.000 typing.py:352(inner)
        2    0.000    0.000    0.012    0.006 shape_base.py:1(<module>)
      187    0.000    0.000    0.011    0.000 <frozen importlib._bootstrap_external>:159(_path_isfile)
      202    0.000    0.000    0.011    0.000 <frozen importlib._bootstrap_external>:150(_path_is_mode_type)
        1    0.000    0.000    0.011    0.011 pathlib.py:1(<module>)
       10    0.004    0.000    0.010    0.001 simulate.py:27(summary_stats)
       15    0.000    0.000    0.010    0.001 <frozen importlib._bootstrap_external>:1655(_fill_cache)
       15    0.010    0.001    0.010    0.001 {built-in method posix.listdir}
      144    0.000    0.000    0.010    0.000 __init__.py:272(_compile)
       22    0.000    0.000    0.009    0.000 _compiler.py:738(compile)
       19    0.000    0.000    0.009    0.000 __init__.py:225(compile)
      317    0.001    0.000    0.008    0.000 overrides.py:142(decorator)
      128    0.008    0.000    0.008    0.000 {built-in method numpy.array}
       21    0.008    0.000    0.008    0.000 {built-in method io.open}
        1    0.000    0.000    0.008    0.008 fromnumeric.py:1(<module>)
        1    0.000    0.000    0.007    0.007 utils.py:1(<module>)
        1    0.000    0.000    0.007    0.007 pickle.py:1(<module>)
       10    0.000    0.000    0.007    0.001 function_base.py:873(copy)
      317    0.001    0.000    0.006    0.000 function_base.py:497(add_newdoc)
        1    0.000    0.000    0.006    0.006 _add_newdocs.py:1(<module>)
        1    0.000    0.000    0.006    0.006 _array_like.py:1(<module>)
        2    0.000    0.000    0.006    0.003 polynomial.py:1(<module>)
      156    0.001    0.000    0.006    0.000 typing.py:1353(__init__)
      143    0.001    0.000    0.006    0.000 <frozen importlib._bootstrap>:493(_init_module_attrs)
        1    0.000    0.000    0.006    0.006 npyio.py:1(<module>)
        1    0.000    0.000    0.005    0.005 platform.py:1(<module>)
       54    0.000    0.000    0.005    0.000 typing.py:479(__getitem__)
       54    0.000    0.000    0.005    0.000 typing.py:658(Union)
        1    0.002    0.002    0.005    0.005 scimath.py:1(<module>)
       22    0.000    0.000    0.005    0.000 _parser.py:972(parse)
        1    0.000    0.000    0.005    0.005 parse.py:1(<module>)
    64/22    0.000    0.000    0.005    0.000 _parser.py:449(_parse_sub)
        1    0.000    0.000    0.005    0.005 hashlib.py:1(<module>)
        1    0.001    0.001    0.005    0.005 _methods.py:1(<module>)
      278    0.001    0.000    0.005    0.000 overrides.py:83(verify_matching_signatures)
       14    0.000    0.000    0.005    0.000 hashlib.py:126(__get_openssl_constructor)
    67/24    0.002    0.000    0.005    0.000 _parser.py:509(_parse)
        1    0.000    0.000    0.005    0.005 core.py:1(<module>)
        1    0.000    0.000    0.004    0.004 _dtype_like.py:1(<module>)
    45/12    0.000    0.000    0.004    0.000 typing.py:1380(__getitem__)
     1377    0.002    0.000    0.004    0.000 <frozen importlib._bootstrap_external>:126(_path_join)
        1    0.002    0.002    0.004    0.004 getlimits.py:162(_register_known_types)
      230    0.001    0.000    0.004    0.000 <frozen importlib._bootstrap_external>:437(cache_from_source)
       20    0.003    0.000    0.003    0.000 contextlib.py:546(__exit__)
      605    0.001    0.000    0.003    0.000 _inspect.py:96(getargspec)
        1    0.000    0.000    0.003    0.003 _globals.py:1(<module>)
       10    0.000    0.000    0.003    0.000 {method 'std' of 'numpy.ndarray' objects}
       10    0.000    0.000    0.003    0.000 _methods.py:204(_std)
       22    0.000    0.000    0.003    0.000 _compiler.py:571(_code)
       10    0.002    0.000    0.003    0.000 _methods.py:135(_var)
      379    0.001    0.000    0.003    0.000 <frozen importlib._bootstrap>:216(_lock_unlock_module)
        2    0.000    0.000    0.003    0.002 hashlib.py:82(__get_builtin_constructor)
        2    0.000    0.000    0.003    0.002 function_base.py:1(<module>)
      257    0.000    0.000    0.003    0.000 <frozen importlib._bootstrap>:392(cached)
       20    0.000    0.000    0.003    0.000 format.py:587(_read_array_header)
        1    0.000    0.000    0.003    0.003 _char_codes.py:1(<module>)
       39    0.000    0.000    0.003    0.000 typing.py:485(__getitem__)
      142    0.000    0.000    0.003    0.000 <frozen importlib._bootstrap_external>:567(_get_cached)
       39    0.000    0.000    0.003    0.000 typing.py:708(Literal)
        1    0.000    0.000    0.003    0.003 _pocketfft.py:1(<module>)
     5144    0.002    0.000    0.003    0.000 {built-in method builtins.getattr}
   137/22    0.001    0.000    0.003    0.000 _compiler.py:37(_compile)
        1    0.000    0.000    0.003    0.003 random.py:1(<module>)
    45/12    0.000    0.000    0.003    0.000 typing.py:1412(_determine_new_args)
    45/12    0.000    0.000    0.003    0.000 typing.py:1441(_make_substitution)
        1    0.000    0.000    0.002    0.002 _ufunc_config.py:1(<module>)
       10    0.002    0.000    0.002    0.000 {built-in method numpy.zeros}
      331    0.001    0.000    0.002    0.000 functools.py:35(update_wrapper)
      155    0.000    0.000    0.002    0.000 <frozen importlib._bootstrap>:169(__enter__)
     1245    0.001    0.000    0.002    0.000 typing.py:1297(__setattr__)
      534    0.001    0.000    0.002    0.000 <frozen importlib._bootstrap>:179(_get_module_lock)
       20    0.000    0.000    0.002    0.000 utils.py:1027(safe_eval)
       14    0.000    0.000    0.002    0.000 core.py:115(doc_note)
    12269    0.002    0.000    0.002    0.000 {built-in method builtins.isinstance}
        1    0.000    0.000    0.002    0.002 datetime.py:1(<module>)
      159    0.001    0.000    0.002    0.000 typing.py:247(_collect_parameters)
       20    0.000    0.000    0.002    0.000 ast.py:54(literal_eval)
        1    0.000    0.000    0.002    0.002 extras.py:1(<module>)
      296    0.001    0.000    0.002    0.000 typing.py:168(_type_check)
        1    0.000    0.000    0.002    0.002 ipaddress.py:1(<module>)
     1377    0.001    0.000    0.002    0.000 <frozen importlib._bootstrap_external>:128(<listcomp>)
      586    0.002    0.000    0.002    0.000 _inspect.py:65(getargs)
        1    0.000    0.000    0.002    0.002 twodim_base.py:1(<module>)
      534    0.002    0.000    0.002    0.000 <frozen importlib._bootstrap>:100(acquire)
       11    0.001    0.000    0.002    0.000 __init__.py:350(namedtuple)
      142    0.000    0.000    0.002    0.000 <frozen importlib._bootstrap_external>:1599(_get_spec)
      280    0.000    0.000    0.002    0.000 typing.py:694(<genexpr>)
       20    0.000    0.000    0.002    0.000 fromnumeric.py:2177(sum)
       28    0.001    0.000    0.002    0.000 inspect.py:867(cleandoc)
        1    0.000    0.000    0.002    0.002 defchararray.py:1(<module>)
        1    0.000    0.000    0.002    0.002 _internal.py:1(<module>)
        6    0.000    0.000    0.002    0.000 getlimits.py:34(__init__)
     2255    0.001    0.000    0.002    0.000 {built-in method builtins.hasattr}
      314    0.000    0.000    0.002    0.000 <frozen importlib._bootstrap_external>:1421(_path_importer_cache)
       52    0.001    0.000    0.002    0.000 core.py:894(__init__)
       20    0.000    0.000    0.001    0.000 fromnumeric.py:71(_wrapreduction)
     1519    0.001    0.000    0.001    0.000 typing.py:1245(_is_dunder)
        1    0.000    0.000    0.001    0.001 type_check.py:1(<module>)
        1    0.001    0.001    0.001    0.001 {built-in method _hashlib.openssl_sha1}
       12    0.000    0.000    0.001    0.000 typing.py:1661(copy_with)
      230    0.001    0.000    0.001    0.000 <frozen importlib._bootstrap_external>:132(_path_split)
      156    0.000    0.000    0.001    0.000 typing.py:1258(__init__)
      534    0.001    0.000    0.001    0.000 <frozen importlib._bootstrap>:125(release)
        1    0.000    0.000    0.001    0.001 contextlib.py:78(inner)
        1    0.000    0.000    0.001    0.001 base64.py:1(<module>)
       26    0.000    0.000    0.001    0.000 core.py:921(__init__)
       20    0.000    0.000    0.001    0.000 ast.py:33(parse)
        1    0.000    0.000    0.001    0.001 <frozen importlib._bootstrap>:975(exec_module)
        1    0.001    0.001    0.001    0.001 {function SeedSequence.generate_state at 0x7f15f5ced940}
        1    0.000    0.000    0.001    0.001 polynomial.py:1472(Polynomial)
        1    0.000    0.000    0.001    0.001 <frozen ntpath>:1(<module>)
        1    0.000    0.000    0.001    0.001 contextvars.py:1(<module>)
       20    0.001    0.000    0.001    0.000 {built-in method builtins.compile}
      142    0.001    0.000    0.001    0.000 <frozen importlib._bootstrap_external>:778(spec_from_file_location)
      115    0.000    0.000    0.001    0.000 <frozen importlib._bootstrap_external>:1146(path_stats)
       10    0.000    0.000    0.001    0.000 extras.py:233(__init__)
       54    0.000    0.000    0.001    0.000 typing.py:313(_remove_dups_flatten)
  608/603    0.001    0.000    0.001    0.000 {built-in method __new__ of type object at 0x860f60}
       10    0.000    0.000    0.001    0.000 extras.py:237(getdoc)
       20    0.000    0.000    0.001    0.000 <frozen abc>:105(__new__)
        1    0.000    0.000    0.001    0.001 _endian.py:1(<module>)
       27    0.000    0.000    0.001    0.000 typing.py:1804(__class_getitem__)
       36    0.000    0.000    0.001    0.000 getlimits.py:111(_float_to_str)
        5    0.000    0.000    0.001    0.000 typing.py:2874(__new__)
       15    0.000    0.000    0.001    0.000 <frozen importlib._bootstrap_external>:1408(_path_hooks)
      115    0.001    0.000    0.001    0.000 <frozen importlib._bootstrap_external>:642(_classify_pyc)
       57    0.001    0.000    0.001    0.000 _compiler.py:241(_optimize_charset)
     1784    0.001    0.000    0.001    0.000 {method 'join' of 'str' objects}
       33    0.000    0.000    0.001    0.000 typing.py:1503(copy_with)
      152    0.001    0.000    0.001    0.000 __init__.py:89(find_spec)
       11    0.001    0.000    0.001    0.000 {built-in method builtins.eval}
       93    0.000    0.000    0.001    0.000 typing.py:299(_deduplicate)
5416/5272    0.001    0.000    0.001    0.000 {built-in method builtins.len}
      144    0.000    0.000    0.001    0.000 typing.py:1705(__hash__)
      155    0.000    0.000    0.001    0.000 <frozen importlib._bootstrap>:173(__exit__)
      237    0.000    0.000    0.001    0.000 {built-in method builtins.max}
        3    0.000    0.000    0.001    0.000 warnings.py:130(filterwarnings)
        1    0.000    0.000    0.001    0.001 _add_newdocs_scalars.py:1(<module>)
        1    0.001    0.001    0.001    0.001 linalg.py:39(EigResult)
       18    0.000    0.000    0.001    0.000 arrayprint.py:1595(_array_str_implementation)
        5    0.000    0.000    0.001    0.000 typing.py:2855(_make_nmtuple)
       18    0.000    0.000    0.001    0.000 arrayprint.py:506(wrapper)
       10    0.000    0.000    0.001    0.000 {method 'mean' of 'numpy.ndarray' objects}
      317    0.000    0.000    0.001    0.000 function_base.py:483(_add_docstring)
     1499    0.001    0.000    0.001    0.000 <frozen importlib._bootstrap>:244(_verbose_message)
       22    0.000    0.000    0.001    0.000 _compiler.py:509(_compile_info)
        1    0.000    0.000    0.001    0.001 ipaddress.py:2265(_IPv6Constants)
       10    0.000    0.000    0.001    0.000 _methods.py:101(_mean)
     1891    0.001    0.000    0.001    0.000 {method 'startswith' of 'str' objects}
     1000    0.000    0.000    0.001    0.000 _parser.py:164(__getitem__)
        1    0.000    0.000    0.001    0.001 _scalars.py:1(<module>)
        1    0.001    0.001    0.001    0.001 {method 'read' of '_io.TextIOWrapper' objects}
       18    0.001    0.000    0.001    0.000 arrayprint.py:1588(_guarded_repr_or_str)
       28    0.000    0.000    0.001    0.000 ipaddress.py:2189(__init__)
       49    0.000    0.000    0.001    0.000 core.py:131(get_object_signature)
      345    0.000    0.000    0.001    0.000 <frozen importlib._bootstrap_external>:84(_unpack_uint32)
        1    0.000    0.000    0.001    0.001 struct.py:1(<module>)
       26    0.000    0.000    0.001    0.000 core.py:6855(__init__)
      274    0.000    0.000    0.001    0.000 typing.py:1287(__getattr__)
       26    0.000    0.000    0.001    0.000 core.py:6860(getdoc)
      570    0.000    0.000    0.001    0.000 _parser.py:254(get)
   172/57    0.000    0.000    0.001    0.000 _parser.py:174(getwidth)
       15    0.000    0.000    0.001    0.000 <frozen importlib._bootstrap_external>:1696(path_hook_for_FileFinder)
        1    0.000    0.000    0.001    0.001 pickle.py:197(<listcomp>)
      152    0.000    0.000    0.001    0.000 <frozen importlib._bootstrap>:920(find_spec)
     1868    0.001    0.000    0.001    0.000 typing.py:1695(<genexpr>)
        1    0.000    0.000    0.001    0.001 ipaddress.py:1542(_IPv4Constants)
        1    0.000    0.000    0.001    0.001 bisect.py:1(<module>)
      115    0.000    0.000    0.001    0.000 <frozen importlib._bootstrap_external>:675(_validate_timestamp_pyc)
     1793    0.001    0.000    0.001    0.000 {built-in method builtins.setattr}
     3631    0.001    0.000    0.001    0.000 {method 'append' of 'list' objects}
      107    0.000    0.000    0.001    0.000 __init__.py:163(match)
       19    0.000    0.000    0.001    0.000 ipaddress.py:1475(__init__)
       36    0.000    0.000    0.000    0.000 _string_helpers.py:16(english_lower)
        1    0.000    0.000    0.000    0.000 nanfunctions.py:1(<module>)
      394    0.000    0.000    0.000    0.000 <frozen importlib._bootstrap>:405(parent)
      460    0.000    0.000    0.000    0.000 <frozen importlib._bootstrap_external>:134(<genexpr>)
       36    0.000    0.000    0.000    0.000 {method 'translate' of 'str' objects}
      154    0.000    0.000    0.000    0.000 <frozen importlib._bootstrap>:198(cb)
     2985    0.000    0.000    0.000    0.000 {method 'rstrip' of 'str' objects}
        1    0.000    0.000    0.000    0.000 ctypeslib.py:1(<module>)
   180/20    0.000    0.000    0.000    0.000 ast.py:84(_convert)
  108/106    0.000    0.000    0.000    0.000 typing.py:1669(__hash__)
        1    0.000    0.000    0.000    0.000 arrayprint.py:1(<module>)
        2    0.000    0.000    0.000    0.000 enum.py:497(__new__)
      556    0.000    0.000    0.000    0.000 <string>:1(<lambda>)
        1    0.000    0.000    0.000    0.000 threading.py:1(<module>)
       24    0.000    0.000    0.000    0.000 _add_newdocs_scalars.py:71(add_newdoc_for_scalar_type)
     1016    0.000    0.000    0.000    0.000 {method 'rpartition' of 'str' objects}
      740    0.000    0.000    0.000    0.000 _parser.py:233(__next)
     1241    0.000    0.000    0.000    0.000 {method 'endswith' of 'str' objects}
  277/219    0.000    0.000    0.000    0.000 typing.py:1371(__hash__)
      605    0.000    0.000    0.000    0.000 _inspect.py:13(ismethod)
        1    0.000    0.000    0.000    0.000 numbers.py:1(<module>)
      154    0.000    0.000    0.000    0.000 <frozen importlib._bootstrap>:71(__init__)
       14    0.000    0.000    0.000    0.000 __init__.py:198(split)
      607    0.000    0.000    0.000    0.000 <frozen importlib._bootstrap>:1030(__exit__)
      317    0.000    0.000    0.000    0.000 function_base.py:465(_needs_add_docstring)
      295    0.000    0.000    0.000    0.000 {method 'format' of 'str' objects}
       23    0.000    0.000    0.000    0.000 overrides.py:177(decorator)
       15    0.000    0.000    0.000    0.000 <frozen importlib._bootstrap_external>:1559(__init__)
      607    0.000    0.000    0.000    0.000 <frozen importlib._bootstrap>:1026(__enter__)
       21    0.000    0.000    0.000    0.000 <frozen posixpath>:71(join)
      366    0.000    0.000    0.000    0.000 {built-in method from_bytes}
       43    0.000    0.000    0.000    0.000 ipaddress.py:1889(__init__)
    347/1    0.000    0.000    0.000    0.000 __config__.py:19(_cleanup)
      152    0.000    0.000    0.000    0.000 <frozen importlib._bootstrap>:748(find_spec)
     39/1    0.000    0.000    0.000    0.000 __config__.py:25(<dictcomp>)
       39    0.000    0.000    0.000    0.000 typing.py:329(_flatten_literal_params)
       30    0.000    0.000    0.000    0.000 _inspect.py:140(formatargspec)
  529/435    0.000    0.000    0.000    0.000 {built-in method builtins.hash}
       44    0.000    0.000    0.000    0.000 typing.py:1033(__typing_subst__)
     1033    0.000    0.000    0.000    0.000 {built-in method builtins.min}
       35    0.000    0.000    0.000    0.000 _parser.py:94(closegroup)
       50    0.000    0.000    0.000    0.000 _internal.py:872(_ufunc_doc_signature_formatter)
       36    0.000    0.000    0.000    0.000 {built-in method builtins.next}
        1    0.000    0.000    0.000    0.000 arraysetops.py:1(<module>)
        1    0.000    0.000    0.000    0.000 {method 'splitlines' of 'str' objects}
      605    0.000    0.000    0.000    0.000 _inspect.py:26(isfunction)
       24    0.000    0.000    0.000    0.000 dtypes.py:66(_add_dtype_helper)
       15    0.000    0.000    0.000    0.000 <frozen zipimport>:64(__init__)
       30    0.000    0.000    0.000    0.000 ipaddress.py:1282(__init__)
        1    0.000    0.000    0.000    0.000 ctypeslib.py:360(_get_scalar_type_map)
        4    0.000    0.000    0.000    0.000 textwrap.py:419(dedent)
       44    0.000    0.000    0.000    0.000 enum.py:1509(__and__)
     1295    0.000    0.000    0.000    0.000 {built-in method _imp.acquire_lock}
        1    0.000    0.000    0.000    0.000 ctypeslib.py:371(<dictcomp>)
      523    0.000    0.000    0.000    0.000 typing.py:1365(__eq__)
        1    0.000    0.000    0.000    0.000 _nested_sequence.py:1(<module>)
        1    0.000    0.000    0.000    0.000 _polybase.py:1(<module>)
      586    0.000    0.000    0.000    0.000 _inspect.py:41(iscode)
       13    0.000    0.000    0.000    0.000 core.py:8389(__init__)
        1    0.000    0.000    0.000    0.000 hermite.py:1(<module>)
       10    0.000    0.000    0.000    0.000 contextlib.py:132(__enter__)
       20    0.000    0.000    0.000    0.000 _ufunc_config.py:452(_no_nep50_warning)
      380    0.000    0.000    0.000    0.000 typing.py:159(_type_convert)
     1070    0.000    0.000    0.000    0.000 {method '__exit__' of '_thread.lock' objects}
      115    0.000    0.000    0.000    0.000 <frozen importlib._bootstrap_external>:599(_check_name_wrapper)
     1295    0.000    0.000    0.000    0.000 {built-in method _imp.release_lock}
       20    0.000    0.000    0.000    0.000 contextlib.py:490(enter_context)
       20    0.000    0.000    0.000    0.000 format.py:223(read_magic)
       13    0.000    0.000    0.000    0.000 core.py:8394(getdoc)
       81    0.000    0.000    0.000    0.000 typing.py:921(_is_unpacked_typevartuple)
       20    0.000    0.000    0.000    0.000 {built-in method _abc._abc_init}
       20    0.000    0.000    0.000    0.000 ipaddress.py:1183(_ip_int_from_string)
       60    0.000    0.000    0.000    0.000 format.py:951(_read_bytes)
      115    0.000    0.000    0.000    0.000 {built-in method _imp._fix_co_filename}
        4    0.000    0.000    0.000    0.000 __init__.py:178(sub)
      152    0.000    0.000    0.000    0.000 {built-in method _imp.find_frozen}
       36    0.000    0.000    0.000    0.000 getlimits.py:91(_float_to_float)
      157    0.000    0.000    0.000    0.000 <frozen importlib._bootstrap_external>:180(_path_isabs)
       18    0.000    0.000    0.000    0.000 core.py:997(__init__)
     1087    0.000    0.000    0.000    0.000 {built-in method _thread.get_ident}
       10    0.000    0.000    0.000    0.000 {method 'set' of '_contextvars.ContextVar' objects}
       43    0.000    0.000    0.000    0.000 {built-in method posix.getcwd}
       28    0.000    0.000    0.000    0.000 ipaddress.py:1617(_ip_int_from_string)
        1    0.000    0.000    0.000    0.000 _exceptions.py:1(<module>)
      653    0.000    0.000    0.000    0.000 {method 'get' of 'dict' objects}
        8    0.000    0.000    0.000    0.000 _compiler.py:384(_mk_bitmap)
        1    0.000    0.000    0.000    0.000 _iotools.py:1(<module>)
      448    0.000    0.000    0.000    0.000 _parser.py:249(match)
       13    0.000    0.000    0.000    0.000 <frozen abc>:110(register)
        1    0.000    0.000    0.000    0.000 core.py:6550(__new__)
        1    0.000    0.000    0.000    0.000 records.py:1(<module>)
      323    0.000    0.000    0.000    0.000 functools.py:65(wraps)
      152    0.000    0.000    0.000    0.000 {built-in method _imp.is_builtin}
      116    0.000    0.000    0.000    0.000 <frozen importlib._bootstrap>:48(_new_module)
        1    0.000    0.000    0.000    0.000 stride_tricks.py:1(<module>)
      969    0.000    0.000    0.000    0.000 typing.py:1358(<genexpr>)
      320    0.000    0.000    0.000    0.000 _parser.py:172(append)
       13    0.000    0.000    0.000    0.000 {built-in method _abc._abc_register}
        2    0.000    0.000    0.000    0.000 typing.py:2946(__new__)
       12    0.000    0.000    0.000    0.000 datetime.py:592(__new__)
       75    0.000    0.000    0.000    0.000 _compiler.py:396(_simple)
    35/15    0.000    0.000    0.000    0.000 <frozen abc>:121(__subclasscheck__)
        1    0.000    0.000    0.000    0.000 getlimits.py:1(<module>)
        2    0.000    0.000    0.000    0.000 {built-in method builtins.sorted}
        6    0.000    0.000    0.000    0.000 numeric.py:2507(extend_all)
        1    0.000    0.000    0.000    0.000 _type_aliases.py:94(_add_aliases)
        1    0.000    0.000    0.000    0.000 histograms.py:1(<module>)
        1    0.000    0.000    0.000    0.000 _polybase.py:18(ABCPolyBase)
        1    0.000    0.000    0.000    0.000 laguerre.py:1(<module>)
        1    0.000    0.000    0.000    0.000 chebyshev.py:1(<module>)
        1    0.000    0.000    0.000    0.000 mixins.py:1(<module>)
       47    0.000    0.000    0.000    0.000 ipaddress.py:533(_split_addr_prefix)
       20    0.000    0.000    0.000    0.000 _methods.py:67(_count_reduce_items)
    35/15    0.000    0.000    0.000    0.000 {built-in method _abc._abc_subclasscheck}
      152    0.000    0.000    0.000    0.000 <frozen importlib._bootstrap>:357(__init__)
      224    0.000    0.000    0.000    0.000 typing.py:1664(__eq__)
      317    0.000    0.000    0.000    0.000 overrides.py:105(array_function_dispatch)
      225    0.000    0.000    0.000    0.000 _parser.py:286(tell)
        1    0.000    0.000    0.000    0.000 legendre.py:1(<module>)
       24    0.000    0.000    0.000    0.000 numerictypes.py:514(_scalar_type_key)
        2    0.000    0.000    0.000    0.000 enum.py:482(__prepare__)
      302    0.000    0.000    0.000    0.000 _parser.py:160(__len__)
      312    0.000    0.000    0.000    0.000 typing.py:1699(__eq__)
        4    0.000    0.000    0.000    0.000 typing.py:2045(__init_subclass__)
      341    0.000    0.000    0.000    0.000 {method 'strip' of 'str' objects}
      310    0.000    0.000    0.000    0.000 {built-in method _thread.allocate_lock}
       80    0.000    0.000    0.000    0.000 ipaddress.py:1209(_parse_octet)
        1    0.000    0.000    0.000    0.000 _compat_pickle.py:1(<module>)
       13    0.000    0.000    0.000    0.000 enum.py:365(__setitem__)
       57    0.000    0.000    0.000    0.000 _compiler.py:214(_compile_charset)
       20    0.000    0.000    0.000    0.000 contextlib.py:522(_push_cm_exit)
        5    0.000    0.000    0.000    0.000 enum.py:242(__set_name__)
        1    0.000    0.000    0.000    0.000 hermite_e.py:1(<module>)
        1    0.000    0.000    0.000    0.000 exceptions.py:1(<module>)
      947    0.000    0.000    0.000    0.000 {method 'lstrip' of 'str' objects}
       20    0.000    0.000    0.000    0.000 format.py:282(descr_to_dtype)
        1    0.000    0.000    0.000    0.000 core.py:2697(MaskedArray)
       45    0.000    0.000    0.000    0.000 typing.py:289(_unpack_args)
       16    0.000    0.000    0.000    0.000 _type_aliases.py:58(bitname)
        1    0.000    0.000    0.000    0.000 einsumfunc.py:1(<module>)
       97    0.000    0.000    0.000    0.000 {method 'extend' of 'list' objects}
       15    0.000    0.000    0.000    0.000 <frozen importlib._bootstrap_external>:164(_path_isdir)
      342    0.000    0.000    0.000    0.000 {built-in method numpy.core._multiarray_umath.add_docstring}
      130    0.000    0.000    0.000    0.000 {method 'split' of 'str' objects}
        1    0.000    0.000    0.000    0.000 mixins.py:59(NDArrayOperatorsMixin)
        1    0.000    0.000    0.000    0.000 numbers.py:32(Complex)
      362    0.000    0.000    0.000    0.000 {method 'update' of 'dict' objects}
       59    0.000    0.000    0.000    0.000 <frozen abc>:7(abstractmethod)
       49    0.000    0.000    0.000    0.000 _parser.py:369(_escape)
       21    0.000    0.000    0.000    0.000 <frozen abc>:117(__instancecheck__)
       44    0.000    0.000    0.000    0.000 enum.py:686(__call__)
       14    0.000    0.000    0.000    0.000 {method 'split' of 're.Pattern' objects}
        8    0.000    0.000    0.000    0.000 typing.py:1019(__init__)
        1    0.000    0.000    0.000    0.000 threading.py:1402(__init__)
      230    0.000    0.000    0.000    0.000 {method 'rfind' of 'str' objects}
        3    0.000    0.000    0.000    0.000 typing.py:1563(__getitem__)
      395    0.000    0.000    0.000    0.000 {method 'add' of 'set' objects}
       20    0.000    0.000    0.000    0.000 py3k.py:49(isfileobj)
       35    0.000    0.000    0.000    0.000 _parser.py:82(opengroup)
       43    0.000    0.000    0.000    0.000 {method 'replace' of 'str' objects}
    29/21    0.000    0.000    0.000    0.000 _compiler.py:434(_get_literal_prefix)
        1    0.000    0.000    0.000    0.000 _datasource.py:1(<module>)
        1    0.000    0.000    0.000    0.000 helper.py:1(<module>)
        1    0.000    0.000    0.000    0.000 arraypad.py:1(<module>)
       28    0.000    0.000    0.000    0.000 ipaddress.py:1597(_make_netmask)
      480    0.000    0.000    0.000    0.000 typing.py:736(<genexpr>)
       23    0.000    0.000    0.000    0.000 {built-in method builtins.all}
        1    0.000    0.000    0.000    0.000 core.py:2808(__new__)
       36    0.000    0.000    0.000    0.000 getlimits.py:24(_fr1)
       42    0.000    0.000    0.000    0.000 _parser.py:446(_uniq)
      4/3    0.000    0.000    0.000    0.000 {method 'view' of 'numpy.ndarray' objects}
        1    0.000    0.000    0.000    0.000 memmap.py:1(<module>)
       22    0.000    0.000    0.000    0.000 _parser.py:224(__init__)
      413    0.000    0.000    0.000    0.000 {built-in method posix.fspath}
       13    0.000    0.000    0.000    0.000 _dtype_ctypes.py:100(dtype_from_ctypes_type)
        7    0.000    0.000    0.000    0.000 functools.py:518(decorating_function)
        1    0.000    0.000    0.000    0.000 umath.py:1(<module>)
        1    0.000    0.000    0.000    0.000 _dtype_like.py:65(_DTypeDictBase)
       42    0.000    0.000    0.000    0.000 getlimits.py:101(_float_conv)
      155    0.000    0.000    0.000    0.000 <frozen importlib._bootstrap>:165(__init__)
        1    0.000    0.000    0.000    0.000 _shape.py:1(<module>)
        8    0.000    0.000    0.000    0.000 _ufunc_config.py:33(seterr)
      102    0.000    0.000    0.000    0.000 typing.py:1406(<genexpr>)
       21    0.000    0.000    0.000    0.000 {built-in method _abc._abc_instancecheck}
       13    0.000    0.000    0.000    0.000 core.py:8406(_replace_return_type)
       19    0.000    0.000    0.000    0.000 ipaddress.py:1157(_make_netmask)
        1    0.000    0.000    0.000    0.000 ufunclike.py:1(<module>)
      151    0.000    0.000    0.000    0.000 {method 'pop' of 'dict' objects}
       50    0.000    0.000    0.000    0.000 simulate.py:75(<genexpr>)
        4    0.000    0.000    0.000    0.000 _ufunc_config.py:430(__enter__)
        3    0.000    0.000    0.000    0.000 typing.py:1572(copy_with)
      183    0.000    0.000    0.000    0.000 typing.py:1694(_value_and_type_iter)
        2    0.000    0.000    0.000    0.000 core.py:2978(__array_finalize__)
       10    0.000    0.000    0.000    0.000 contextlib.py:287(helper)
        4    0.000    0.000    0.000    0.000 typing.py:1851(__init_subclass__)
      115    0.000    0.000    0.000    0.000 <frozen importlib._bootstrap_external>:1097(__init__)
        1    0.000    0.000    0.000    0.000 polyutils.py:1(<module>)
       16    0.000    0.000    0.000    0.000 _type_aliases.py:44(_bits_of)
        1    0.000    0.000    0.000    0.000 _string_helpers.py:1(<module>)
       72    0.000    0.000    0.000    0.000 {method 'copy' of 'numpy.ndarray' objects}
       44    0.000    0.000    0.000    0.000 {built-in method builtins.locals}
        1    0.000    0.000    0.000    0.000 _globals.py:65(_CopyMode)
      167    0.000    0.000    0.000    0.000 {method 'find' of 'bytearray' objects}
       13    0.000    0.000    0.000    0.000 mixins.py:44(_numeric_methods)
       47    0.000    0.000    0.000    0.000 ipaddress.py:156(_split_optional_netmask)
      144    0.000    0.000    0.000    0.000 _parser.py:109(__init__)
      156    0.000    0.000    0.000    0.000 {method 'pop' of 'list' objects}
      115    0.000    0.000    0.000    0.000 _parser.py:79(groups)
       10    0.000    0.000    0.000    0.000 contextlib.py:141(__exit__)
       52    0.000    0.000    0.000    0.000 _add_newdocs.py:6754(refer_to_array_attribute)
        6    0.000    0.000    0.000    0.000 core.py:1146(__init__)
        1    0.000    0.000    0.000    0.000 _machar.py:1(<module>)
        1    0.000    0.000    0.000    0.000 _pytesttester.py:1(<module>)
        1    0.000    0.000    0.000    0.000 pickle.py:1137(_Unpickler)
        2    0.000    0.000    0.000    0.000 typing.py:2969(<dictcomp>)
        4    0.000    0.000    0.000    0.000 enum.py:939(_get_mixins_)
       41    0.000    0.000    0.000    0.000 _add_newdocs_scalars.py:83(<genexpr>)
        1    0.000    0.000    0.000    0.000 __future__.py:1(<module>)
        1    0.000    0.000    0.000    0.000 numerictypes.py:589(_register_types)
       36    0.000    0.000    0.000    0.000 getlimits.py:16(_fr0)
        1    0.000    0.000    0.000    0.000 __init__.py:264(_reset_cache)
       21    0.000    0.000    0.000    0.000 <frozen posixpath>:41(_get_sep)
       26    0.000    0.000    0.000    0.000 _parser.py:309(_class_escape)
      271    0.000    0.000    0.000    0.000 <frozen importlib._bootstrap_external>:71(_relax_case)
        3    0.000    0.000    0.000    0.000 {built-in method numpy.empty}
        1    0.000    0.000    0.000    0.000 core.py:3127(view)
       61    0.000    0.000    0.000    0.000 _inspect.py:144(<lambda>)
        1    0.000    0.000    0.000    0.000 linalg.py:97(_determine_error_states)
        4    0.000    0.000    0.000    0.000 <frozen os>:674(__getitem__)
        8    0.000    0.000    0.000    0.000 _parser.py:267(getuntil)
        2    0.000    0.000    0.000    0.000 __init__.py:72(CFUNCTYPE)
        5    0.000    0.000    0.000    0.000 typing.py:2857(<dictcomp>)
       40    0.000    0.000    0.000    0.000 {method 'startswith' of 'bytes' objects}
       31    0.000    0.000    0.000    0.000 ipaddress.py:1721(_parse_hextet)
        1    0.000    0.000    0.000    0.000 __config__.py:14(DisplayModes)
        8    0.000    0.000    0.000    0.000 _compiler.py:386(<listcomp>)
       28    0.000    0.000    0.000    0.000 {method 'expandtabs' of 'str' objects}
        2    0.000    0.000    0.000    0.000 contextlib.py:77(__call__)
      395    0.000    0.000    0.000    0.000 {built-in method builtins.globals}
       14    0.000    0.000    0.000    0.000 __init__.py:144(_check_size)
        3    0.000    0.000    0.000    0.000 __init__.py:503(PYFUNCTYPE)
        1    0.000    0.000    0.000    0.000 __init__.py:342(__init__)
        1    0.000    0.000    0.000    0.000 <frozen codecs>:319(decode)
       60    0.000    0.000    0.000    0.000 format.py:652(<genexpr>)
        1    0.000    0.000    0.000    0.000 _type_aliases.py:211(_set_array_types)
        1    0.000    0.000    0.000    0.000 format.py:1(<module>)
        1    0.000    0.000    0.000    0.000 datetime.py:2297(timezone)
       93    0.000    0.000    0.000    0.000 _inspect.py:131(strseq)
       54    0.000    0.000    0.000    0.000 typing.py:1818(<genexpr>)
        1    0.000    0.000    0.000    0.000 _add_newdocs_scalars.py:18(numeric_type_aliases)
       11    0.000    0.000    0.000    0.000 {built-in method builtins.print}
       81    0.000    0.000    0.000    0.000 __init__.py:14(set_module)
        1    0.000    0.000    0.000    0.000 arrayterator.py:1(<module>)
        2    0.000    0.000    0.000    0.000 random.py:119(__init__)
       17    0.000    0.000    0.000    0.000 _compiler.py:465(_get_charset_prefix)
       38    0.000    0.000    0.000    0.000 {built-in method _struct.calcsize}
        1    0.000    0.000    0.000    0.000 numerictypes.py:441(_construct_lookups)
        2    0.000    0.000    0.000    0.000 {built-in method _ctypes.POINTER}
       10    0.000    0.000    0.000    0.000 contextlib.py:104(__init__)
      257    0.000    0.000    0.000    0.000 hmac.py:19(<genexpr>)
       20    0.000    0.000    0.000    0.000 {method 'seek' of '_io.BufferedReader' objects}
       44    0.000    0.000    0.000    0.000 enum.py:1091(__new__)
      296    0.000    0.000    0.000    0.000 {built-in method builtins.ord}
        1    0.000    0.000    0.000    0.000 core.py:6568(__array_finalize__)
        8    0.000    0.000    0.000    0.000 typing.py:945(__init__)
        1    0.000    0.000    0.000    0.000 _asarray.py:1(<module>)
       11    0.000    0.000    0.000    0.000 {method 'remove' of 'list' objects}
       22    0.000    0.000    0.000    0.000 {built-in method _sre.compile}
      143    0.000    0.000    0.000    0.000 <frozen importlib._bootstrap>:413(has_location)
       25    0.000    0.000    0.000    0.000 ipaddress.py:474(_prefix_from_prefix_string)
        1    0.000    0.000    0.000    0.000 threading.py:849(__init__)
       81    0.000    0.000    0.000    0.000 __init__.py:25(decorator)
        1    0.000    0.000    0.000    0.000 ipaddress.py:1276(IPv4Address)
        2    0.000    0.000    0.000    0.000 enum.py:1004(_find_new_)
      107    0.000    0.000    0.000    0.000 {method 'match' of 're.Pattern' objects}
        4    0.000    0.000    0.000    0.000 _ufunc_config.py:435(__exit__)
        9    0.000    0.000    0.000    0.000 overrides.py:23(set_array_function_like_doc)
      126    0.000    0.000    0.000    0.000 {built-in method builtins.issubclass}
       42    0.000    0.000    0.000    0.000 {built-in method fromkeys}
        1    0.000    0.000    0.000    0.000 _dtype_like.py:71(_DTypeDict)
        1    0.000    0.000    0.000    0.000 {built-in method _codecs.utf_8_decode}
       44    0.000    0.000    0.000    0.000 _compiler.py:568(isstring)
        2    0.000    0.000    0.000    0.000 core.py:6744(__init__)
      257    0.000    0.000    0.000    0.000 hmac.py:20(<genexpr>)
        2    0.000    0.000    0.000    0.000 functools.py:188(total_ordering)
        7    0.000    0.000    0.000    0.000 getlimits.py:685(__init__)
       20    0.000    0.000    0.000    0.000 contextlib.py:527(_push_exit_callback)
       76    0.000    0.000    0.000    0.000 _parser.py:168(__setitem__)
       20    0.000    0.000    0.000    0.000 contextlib.py:460(__init__)
        1    0.000    0.000    0.000    0.000 fnmatch.py:1(<module>)
        2    0.000    0.000    0.000    0.000 contextlib.py:260(contextmanager)
        1    0.000    0.000    0.000    0.000 ipaddress.py:1883(IPv6Address)
        1    0.000    0.000    0.000    0.000 pathlib.py:455(PurePath)
        1    0.000    0.000    0.000    0.000 _iotools.py:450(StringConverter)
      120    0.000    0.000    0.000    0.000 <frozen importlib._bootstrap_external>:1565(<genexpr>)
        2    0.000    0.000    0.000    0.000 <frozen _collections_abc>:778(__contains__)
        3    0.000    0.000    0.000    0.000 datetime.py:1677(__new__)
        2    0.000    0.000    0.000    0.000 datetime.py:765(__neg__)
       22    0.000    0.000    0.000    0.000 _parser.py:956(fix_flags)
       20    0.000    0.000    0.000    0.000 mixins.py:16(_binary_method)
        1    0.000    0.000    0.000    0.000 random.py:128(seed)
        2    0.000    0.000    0.000    0.000 <frozen _collections_abc>:771(get)
       13    0.000    0.000    0.000    0.000 _dtype_ctypes.py:71(_from_ctypes_scalar)
       15    0.000    0.000    0.000    0.000 {built-in method builtins.delattr}
       78    0.000    0.000    0.000    0.000 _internal.py:883(<genexpr>)
       18    0.000    0.000    0.000    0.000 _add_newdocs_scalars.py:19(type_aliases_gen)
        1    0.000    0.000    0.000    0.000 _version.py:1(<module>)
      115    0.000    0.000    0.000    0.000 <frozen importlib._bootstrap_external>:1122(get_filename)
        1    0.000    0.000    0.000    0.000 pathlib.py:857(Path)
        1    0.000    0.000    0.000    0.000 threading.py:1008(_set_tstate_lock)
       21    0.000    0.000    0.000    0.000 {method 'decode' of 'bytes' objects}
        1    0.000    0.000    0.000    0.000 pathlib.py:112(_WindowsFlavour)
        8    0.000    0.000    0.000    0.000 {method 'sub' of 're.Pattern' objects}
       28    0.000    0.000    0.000    0.000 ipaddress.py:1854(_split_scope_id)
        8    0.000    0.000    0.000    0.000 functools.py:479(lru_cache)
       20    0.000    0.000    0.000    0.000 fromnumeric.py:72(<dictcomp>)
        1    0.000    0.000    0.000    0.000 _type_aliases.py:123(_add_integer_aliases)
       20    0.000    0.000    0.000    0.000 {built-in method sys.exc_info}
        1    0.000    0.000    0.000    0.000 _type_aliases.py:74(_add_types)
        4    0.000    0.000    0.000    0.000 warnings.py:181(_add_filter)
       30    0.000    0.000    0.000    0.000 _type_aliases.py:203(_add_array_type)
        8    0.000    0.000    0.000    0.000 _ufunc_config.py:132(geterr)
        1    0.000    0.000    0.000    0.000 numeric.py:136(ones)
       32    0.000    0.000    0.000    0.000 _type_aliases.py:46(<genexpr>)
        7    0.000    0.000    0.000    0.000 <frozen os>:756(encode)
        1    0.000    0.000    0.000    0.000 datetime.py:1669(datetime)
        1    0.000    0.000    0.000    0.000 pickle.py:407(_Pickler)
        4    0.000    0.000    0.000    0.000 enum.py:975(_find_data_type_)
        1    0.000    0.000    0.000    0.000 laguerre.py:1606(Laguerre)
       20    0.000    0.000    0.000    0.000 {built-in method _struct.unpack}
       20    0.000    0.000    0.000    0.000 contextlib.py:450(_create_exit_wrapper)
       22    0.000    0.000    0.000    0.000 _parser.py:73(__init__)
        6    0.000    0.000    0.000    0.000 enum.py:929(_check_for_existing_members_)
        1    0.000    0.000    0.000    0.000 chebyshev.py:1995(Chebyshev)
        1    0.000    0.000    0.000    0.000 ipaddress.py:1577(_BaseV6)
        1    0.000    0.000    0.000    0.000 threading.py:838(Thread)
      115    0.000    0.000    0.000    0.000 <frozen importlib._bootstrap_external>:931(create_module)
        1    0.000    0.000    0.000    0.000 ipaddress.py:671(_BaseNetwork)
      101    0.000    0.000    0.000    0.000 {method 'items' of 'dict' objects}
        1    0.000    0.000    0.000    0.000 linalg.py:55(SVDResult)
       50    0.000    0.000    0.000    0.000 {built-in method sys.intern}
        1    0.000    0.000    0.000    0.000 {built-in method _hashlib.openssl_sha3_224}
        1    0.000    0.000    0.000    0.000 _dtype.py:1(<module>)
        5    0.000    0.000    0.000    0.000 datetime.py:515(_check_date_fields)
       61    0.000    0.000    0.000    0.000 {built-in method builtins.repr}
        1    0.000    0.000    0.000    0.000 {built-in method _hashlib.openssl_md5}
       27    0.000    0.000    0.000    0.000 typing.py:277(_check_generic)
        8    0.000    0.000    0.000    0.000 enum.py:193(__get__)
        2    0.000    0.000    0.000    0.000 datetime.py:923(__new__)
        1    0.000    0.000    0.000    0.000 defmatrix.py:73(matrix)
        2    0.000    0.000    0.000    0.000 datetime.py:1340(__new__)
        1    0.000    0.000    0.000    0.000 legendre.py:1619(Legendre)
        1    0.000    0.000    0.000    0.000 polynomial.py:1077(poly1d)
        2    0.000    0.000    0.000    0.000 core.py:2952(_update_from)
        1    0.000    0.000    0.000    0.000 {function Random.seed at 0x7f15f5d249a0}
       20    0.000    0.000    0.000    0.000 format.py:196(_check_version)
        1    0.000    0.000    0.000    0.000 hermite_e.py:1650(HermiteE)
        1    0.000    0.000    0.000    0.000 threading.py:555(__init__)
        1    0.000    0.000    0.000    0.000 defchararray.py:1922(chararray)
       13    0.000    0.000    0.000    0.000 enum.py:79(_is_private)
        1    0.000    0.000    0.000    0.000 hermite.py:1658(Hermite)
       49    0.000    0.000    0.000    0.000 _compiler.py:31(_combine_flags)
        1    0.000    0.000    0.000    0.000 threading.py:583(set)
        1    0.000    0.000    0.000    0.000 linalg.py:43(EighResult)
       15    0.000    0.000    0.000    0.000 enum.py:745(__delattr__)
        2    0.000    0.000    0.000    0.000 arrayprint.py:503(decorating_function)
        1    0.000    0.000    0.000    0.000 {built-in method builtins.dir}
       85    0.000    0.000    0.000    0.000 _compat_pickle.py:167(<genexpr>)
        8    0.000    0.000    0.000    0.000 typing.py:1955(_caller)
        8    0.000    0.000    0.000    0.000 enum.py:826(__setattr__)
       50    0.000    0.000    0.000    0.000 __init__.py:424(<genexpr>)
        1    0.000    0.000    0.000    0.000 datetime.py:893(date)
        4    0.000    0.000    0.000    0.000 enum.py:770(__getattr__)
        1    0.000    0.000    0.000    0.000 linalg.py:47(QRResult)
        1    0.000    0.000    0.000    0.000 linalg.py:51(SlogdetResult)
        1    0.000    0.000    0.000    0.000 __init__.py:192(<dictcomp>)
       20    0.000    0.000    0.000    0.000 {built-in method numpy.core._multiarray_umath.normalize_axis_index}
        4    0.000    0.000    0.000    0.000 {method 'findall' of 're.Pattern' objects}
        1    0.000    0.000    0.000    0.000 warnings.py:165(simplefilter)
       20    0.000    0.000    0.000    0.000 {method '__enter__' of '_io._IOBase' objects}
       15    0.000    0.000    0.000    0.000 enum.py:48(_is_dunder)
        7    0.000    0.000    0.000    0.000 {built-in method builtins.any}
       13    0.000    0.000    0.000    0.000 enum.py:59(_is_sunder)
       46    0.000    0.000    0.000    0.000 _compiler.py:426(_get_iscased)
       94    0.000    0.000    0.000    0.000 ipaddress.py:574(__int__)
       58    0.000    0.000    0.000    0.000 {method 'isidentifier' of 'str' objects}
        8    0.000    0.000    0.000    0.000 __init__.py:56(__init_subclass__)
        1    0.000    0.000    0.000    0.000 _type_aliases.py:151(_set_up_aliases)
       14    0.000    0.000    0.000    0.000 mixins.py:26(_reflected_binary_method)
        1    0.000    0.000    0.000    0.000 _add_newdocs_scalars.py:54(_get_platform_and_machine)
       20    0.000    0.000    0.000    0.000 {method 'fileno' of '_io.BufferedReader' objects}
       27    0.000    0.000    0.000    0.000 <frozen importlib._bootstrap_external>:1220(__init__)
        1    0.000    0.000    0.000    0.000 numbers.py:294(Integral)
        1    0.000    0.000    0.000    0.000 _dtype_ctypes.py:1(<module>)
        1    0.000    0.000    0.000    0.000 core.py:1329(make_mask_descr)
       25    0.000    0.000    0.000    0.000 ipaddress.py:431(_ip_int_from_prefix)
      105    0.000    0.000    0.000    0.000 {method 'isdigit' of 'str' objects}
        1    0.000    0.000    0.000    0.000 _internal.py:240(_missing_ctypes)
      105    0.000    0.000    0.000    0.000 {method 'isascii' of 'str' objects}
        2    0.000    0.000    0.000    0.000 <frozen os>:1081(__subclasshook__)
        2    0.000    0.000    0.000    0.000 {built-in method posix.uname}
        7    0.000    0.000    0.000    0.000 core.py:2544(_arraymethod)
        9    0.000    0.000    0.000    0.000 {built-in method numpy.seterrobj}
        1    0.000    0.000    0.000    0.000 index_tricks.py:310(AxisConcatenator)
        3    0.000    0.000    0.000    0.000 <frozen _collections_abc>:78(_check_methods)
        1    0.000    0.000    0.000    0.000 random.py:103(Random)
        2    0.000    0.000    0.000    0.000 functools.py:191(<setcomp>)
        1    0.000    0.000    0.000    0.000 core.py:1315(_replace_dtype_fields)
       13    0.000    0.000    0.000    0.000 _internal.py:920(npy_ctypes_check)
        4    0.000    0.000    0.000    0.000 _compiler.py:405(_generate_overlap_table)
        1    0.000    0.000    0.000    0.000 _compiler.py:389(_bytes_to_codes)
        1    0.000    0.000    0.000    0.000 ipaddress.py:1460(IPv4Network)
        6    0.000    0.000    0.000    0.000 typing.py:1568(<genexpr>)
        1    0.000    0.000    0.000    0.000 __init__.py:439(LibraryLoader)
        1    0.000    0.000    0.000    0.000 <frozen os>:688(__delitem__)
        1    0.000    0.000    0.000    0.000 parse.py:152(_NetlocResultMixinBase)
       96    0.000    0.000    0.000    0.000 {built-in method builtins.abs}
        2    0.000    0.000    0.000    0.000 enum.py:358(__init__)
       22    0.000    0.000    0.000    0.000 {method 'keys' of 'dict' objects}
        1    0.000    0.000    0.000    0.000 ipaddress.py:383(_IPAddressBase)
       43    0.000    0.000    0.000    0.000 _compat_pickle.py:165(<genexpr>)
        1    0.000    0.000    0.000    0.000 <frozen os>:682(__setitem__)
        1    0.000    0.000    0.000    0.000 datetime.py:1315(time)
       50    0.000    0.000    0.000    0.000 {method '__contains__' of 'frozenset' objects}
        1    0.000    0.000    0.000    0.000 random.py:800(getrandbits)
        1    0.000    0.000    0.000    0.000 numbers.py:147(Real)
       81    0.000    0.000    0.000    0.000 {built-in method _sre.unicode_iscased}
       30    0.000    0.000    0.000    0.000 {built-in method numpy.asanyarray}
        1    0.000    0.000    0.000    0.000 _inspect.py:1(<module>)
       13    0.000    0.000    0.000    0.000 mixins.py:36(_inplace_binary_method)
        1    0.000    0.000    0.000    0.000 hmac.py:27(HMAC)
        1    0.000    0.000    0.000    0.000 __init__.py:221(<dictcomp>)
        1    0.000    0.000    0.000    0.000 datetime.py:573(timedelta)
        1    0.000    0.000    0.000    0.000 platform.py:783(uname_result)
        5    0.000    0.000    0.000    0.000 datetime.py:528(_check_time_fields)
       13    0.000    0.000    0.000    0.000 enum.py:70(_is_internal_class)
        8    0.000    0.000    0.000    0.000 _parser.py:297(checkgroupname)
       10    0.000    0.000    0.000    0.000 {method 'reset' of '_contextvars.ContextVar' objects}
       25    0.000    0.000    0.000    0.000 ipaddress.py:415(_check_int_address)
       31    0.000    0.000    0.000    0.000 {method 'issuperset' of 'frozenset' objects}
        1    0.000    0.000    0.000    0.000 core.py:6540(MaskedConstant)
        6    0.000    0.000    0.000    0.000 typing.py:2412(get_origin)
        5    0.000    0.000    0.000    0.000 enum.py:38(_is_descriptor)
       60    0.000    0.000    0.000    0.000 {built-in method builtins.divmod}
        5    0.000    0.000    0.000    0.000 functools.py:966(__init__)
        6    0.000    0.000    0.000    0.000 typing.py:1825(<genexpr>)
        1    0.000    0.000    0.000    0.000 parse.py:361(_fix_result_transcoding)
        1    0.000    0.000    0.000    0.000 _datasource.py:196(DataSource)
        6    0.000    0.000    0.000    0.000 _exceptions.py:17(_display_as_base)
       28    0.000    0.000    0.000    0.000 {method 'get' of 'mappingproxy' objects}
        1    0.000    0.000    0.000    0.000 _iotools.py:229(NameValidator)
        1    0.000    0.000    0.000    0.000 ipaddress.py:2098(IPv6Interface)
        1    0.000    0.000    0.000    0.000 _type_aliases.py:41(<setcomp>)
        1    0.000    0.000    0.000    0.000 ipaddress.py:1135(_BaseV4)
        1    0.000    0.000    0.000    0.000 __init__.py:273(<dictcomp>)
       68    0.000    0.000    0.000    0.000 {built-in method _sre.unicode_tolower}
        1    0.000    0.000    0.000    0.000 __config__.py:95(<listcomp>)
       44    0.000    0.000    0.000    0.000 __init__.py:96(<lambda>)
       23    0.000    0.000    0.000    0.000 overrides.py:173(array_function_from_dispatcher)
       20    0.000    0.000    0.000    0.000 fromnumeric.py:2172(_sum_dispatcher)
        1    0.000    0.000    0.000    0.000 threading.py:389(notify_all)
       10    0.000    0.000    0.000    0.000 {method 'setter' of 'property' objects}
        1    0.000    0.000    0.000    0.000 npyio.py:106(NpzFile)
        1    0.000    0.000    0.000    0.000 _convertions.py:1(<module>)
        1    0.000    0.000    0.000    0.000 {built-in method _hashlib.openssl_sha224}
       20    0.000    0.000    0.000    0.000 {method 'append' of 'collections.deque' objects}
        1    0.000    0.000    0.000    0.000 threading.py:236(__init__)
        4    0.000    0.000    0.000    0.000 getlimits.py:709(max)
        1    0.000    0.000    0.000    0.000 <frozen _collections_abc>:362(__subclasshook__)
        3    0.000    0.000    0.000    0.000 typing.py:1529(__mro_entries__)
        1    0.000    0.000    0.000    0.000 {method 'union' of 'set' objects}
        1    0.000    0.000    0.000    0.000 _globals.py:52(__new__)
        1    0.000    0.000    0.000    0.000 _internal.py:217(_getintp_ctype)
        1    0.000    0.000    0.000    0.000 _ufunc_config.py:441(_setdef)
        9    0.000    0.000    0.000    0.000 _pytesttester.py:76(__init__)
        1    0.000    0.000    0.000    0.000 extras.py:1607(MAxisConcatenator)
        1    0.000    0.000    0.000    0.000 _internal.py:205(dummy_ctype)
       20    0.000    0.000    0.000    0.000 {method 'pop' of 'collections.deque' objects}
        1    0.000    0.000    0.000    0.000 pathlib.py:128(<setcomp>)
       10    0.000    0.000    0.000    0.000 function_base.py:869(_copy_dispatcher)
        1    0.000    0.000    0.000    0.000 threading.py:224(Condition)
       12    0.000    0.000    0.000    0.000 {built-in method builtins.round}
        1    0.000    0.000    0.000    0.000 records.py:87(format_parser)
        1    0.000    0.000    0.000    0.000 ctypeslib.py:181(_ndptr)
        1    0.000    0.000    0.000    0.000 version.py:1(<module>)
        1    0.000    0.000    0.000    0.000 ipaddress.py:1393(IPv4Interface)
        1    0.000    0.000    0.000    0.000 threading.py:822(_maintain_shutdown_locks)
        8    0.000    0.000    0.000    0.000 enum.py:1249(value)
       16    0.000    0.000    0.000    0.000 _dtype.py:24(_kind_name)
       28    0.000    0.000    0.000    0.000 {method 'partition' of 'str' objects}
        8    0.000    0.000    0.000    0.000 {method 'translate' of 'bytearray' objects}
        1    0.000    0.000    0.000    0.000 memmap.py:22(memmap)
       18    0.000    0.000    0.000    0.000 {built-in method numpy.geterrobj}
        1    0.000    0.000    0.000    0.000 platform.py:740(_Processor)
        1    0.000    0.000    0.000    0.000 ipaddress.py:563(_BaseAddress)
        1    0.000    0.000    0.000    0.000 core.py:797(_DomainCheckInterval)
        1    0.000    0.000    0.000    0.000 _nested_sequence.py:18(_NestedSequence)
        7    0.000    0.000    0.000    0.000 getlimits.py:157(_register_type)
        4    0.000    0.000    0.000    0.000 typing.py:2230(runtime_checkable)
       38    0.000    0.000    0.000    0.000 {built-in method _ctypes.sizeof}
        1    0.000    0.000    0.000    0.000 <frozen importlib._bootstrap>:895(_resolve_filename)
        5    0.000    0.000    0.000    0.000 typing.py:2856(<listcomp>)
        1    0.000    0.000    0.000    0.000 _nbit.py:1(<module>)
       16    0.000    0.000    0.000    0.000 _add_newdocs_scalars.py:79(<genexpr>)
        2    0.000    0.000    0.000    0.000 copyreg.py:12(pickle)
        1    0.000    0.000    0.000    0.000 _exceptions.py:116(_ArrayMemoryError)
        1    0.000    0.000    0.000    0.000 <frozen codecs>:309(__init__)
       14    0.000    0.000    0.000    0.000 {built-in method sys._getframe}
        1    0.000    0.000    0.000    0.000 extras.py:1655(__init__)
       18    0.000    0.000    0.000    0.000 {built-in method builtins.id}
        1    0.000    0.000    0.000    0.000 threading.py:637(Barrier)
        1    0.000    0.000    0.000    0.000 {built-in method _hashlib.openssl_shake_128}
        1    0.000    0.000    0.000    0.000 getlimits.py:630(iinfo)
        1    0.000    0.000    0.000    0.000 {built-in method _hashlib.openssl_sha3_256}
       18    0.000    0.000    0.000    0.000 {method 'discard' of 'set' objects}
       10    0.000    0.000    0.000    0.000 __future__.py:83(__init__)
        1    0.000    0.000    0.000    0.000 threading.py:544(Event)
        1    0.000    0.000    0.000    0.000 {built-in method _hashlib.openssl_sha256}
        1    0.000    0.000    0.000    0.000 _internal.py:249(_ctypes)
        1    0.000    0.000    0.000    0.000 <frozen os>:760(decode)
        1    0.000    0.000    0.000    0.000 {built-in method posix.urandom}
        1    0.000    0.000    0.000    0.000 {built-in method posix.putenv}
       10    0.000    0.000    0.000    0.000 typing.py:2880(<genexpr>)
       35    0.000    0.000    0.000    0.000 {built-in method _operator.index}
        1    0.000    0.000    0.000    0.000 {built-in method _hashlib.openssl_sha3_384}
        1    0.000    0.000    0.000    0.000 _weakrefset.py:37(__init__)
        1    0.000    0.000    0.000    0.000 {built-in method posix.unsetenv}
        7    0.000    0.000    0.000    0.000 {method 'encode' of 'str' objects}
        2    0.000    0.000    0.000    0.000 enum.py:961(_find_data_repr_)
        1    0.000    0.000    0.000    0.000 arrayprint.py:1367(StructuredVoidFormat)
        1    0.000    0.000    0.000    0.000 getlimits.py:32(MachArLike)
        1    0.000    0.000    0.000    0.000 random.py:215(__init_subclass__)
        1    0.000    0.000    0.000    0.000 arrayprint.py:1304(DatetimeFormat)
        2    0.000    0.000    0.000    0.000 core.py:6643(__setattr__)
        1    0.000    0.000    0.000    0.000 {built-in method _hashlib.openssl_sha384}
        1    0.000    0.000    0.000    0.000 {built-in method _hashlib.openssl_shake_256}
        3    0.000    0.000    0.000    0.000 index_tricks.py:320(__init__)
        5    0.000    0.000    0.000    0.000 _ufunc_config.py:426(__init__)
        1    0.000    0.000    0.000    0.000 core.py:6345(mvoid)
       27    0.000    0.000    0.000    0.000 {method 'lower' of 'str' objects}
        1    0.000    0.000    0.000    0.000 {built-in method _hashlib.openssl_sha3_512}
        1    0.000    0.000    0.000    0.000 threading.py:1005(_set_native_id)
        1    0.000    0.000    0.000    0.000 pathlib.py:231(_PosixFlavour)
        1    0.000    0.000    0.000    0.000 {built-in method _hashlib.openssl_sha512}
        3    0.000    0.000    0.000    0.000 __init__.py:421(<genexpr>)
       20    0.000    0.000    0.000    0.000 contextlib.py:543(__enter__)
       12    0.000    0.000    0.000    0.000 <frozen _collections_abc>:315(__subclasshook__)
        1    0.000    0.000    0.000    0.000 core.py:191(<listcomp>)
        1    0.000    0.000    0.000    0.000 pickle.py:200(_Framer)
        1    0.000    0.000    0.000    0.000 threading.py:1421(_DummyThread)
        1    0.000    0.000    0.000    0.000 arrayterator.py:16(Arrayterator)
        1    0.000    0.000    0.000    0.000 {method 'view' of 'numpy.generic' objects}
        3    0.000    0.000    0.000    0.000 typing.py:926(_is_typevar_like)
        3    0.000    0.000    0.000    0.000 datetime.py:2317(_create)
        1    0.000    0.000    0.000    0.000 numbers.py:267(Rational)
        1    0.000    0.000    0.000    0.000 index_tricks.py:530(__init__)
        1    0.000    0.000    0.000    0.000 __init__.py:321(CDLL)
        1    0.000    0.000    0.000    0.000 pathlib.py:1398(WindowsPath)
        1    0.000    0.000    0.000    0.000 _parser.py:896(_parse_flags)
        1    0.000    0.000    0.000    0.000 pickle.py:263(_Unframer)
        1    0.000    0.000    0.000    0.000 threading.py:359(notify)
        1    0.000    0.000    0.000    0.000 index_tricks.py:255(__init__)
        8    0.000    0.000    0.000    0.000 typing.py:2050(<genexpr>)
        1    0.000    0.000    0.000    0.000 function_base.py:2117(vectorize)
        1    0.000    0.000    0.000    0.000 pathlib.py:129(<setcomp>)
        4    0.000    0.000    0.000    0.000 mixins.py:51(_unary_method)
       16    0.000    0.000    0.000    0.000 {method 'values' of 'dict' objects}
        2    0.000    0.000    0.000    0.000 {built-in method posix.register_at_fork}
        1    0.000    0.000    0.000    0.000 _weakrefset.py:85(add)
        1    0.000    0.000    0.000    0.000 <frozen importlib._bootstrap>:962(create_module)
        1    0.000    0.000    0.000    0.000 core.py:190(<listcomp>)
        1    0.000    0.000    0.000    0.000 _version.py:14(NumpyVersion)
        1    0.000    0.000    0.000    0.000 <frozen importlib._bootstrap>:422(spec_from_loader)
        7    0.000    0.000    0.000    0.000 {method 'setdefault' of 'dict' objects}
        1    0.000    0.000    0.000    0.000 datetime.py:1284(IsoCalendarDate)
        4    0.000    0.000    0.000    0.000 typing.py:2959(<genexpr>)
        1    0.000    0.000    0.000    0.000 records.py:223(record)
        1    0.000    0.000    0.000    0.000 threading.py:103(_RLock)
        1    0.000    0.000    0.000    0.000 core.py:1283(_replace_dtype_fields_recursive)
        5    0.000    0.000    0.000    0.000 typing.py:2938(_namedtuple_mro_entries)
        1    0.000    0.000    0.000    0.000 __config__.py:98(<listcomp>)
        4    0.000    0.000    0.000    0.000 core.py:3417(dtype)
        1    0.000    0.000    0.000    0.000 parse.py:811(__getattr__)
        1    0.000    0.000    0.000    0.000 _machar.py:17(MachAr)
        5    0.000    0.000    0.000    0.000 datetime.py:51(_days_in_month)
        1    0.000    0.000    0.000    0.000 {method 'find' of 'str' objects}
        1    0.000    0.000    0.000    0.000 getlimits.py:378(finfo)
        1    0.000    0.000    0.000    0.000 records.py:308(recarray)
        6    0.000    0.000    0.000    0.000 _type_aliases.py:92(<genexpr>)
        1    0.000    0.000    0.000    0.000 _datasource.py:536(Repository)
        1    0.000    0.000    0.000    0.000 npyio.py:42(BagObj)
        1    0.000    0.000    0.000    0.000 {built-in method _ctypes.dlopen}
        1    0.000    0.000    0.000    0.000 pathlib.py:49(_Flavour)
       12    0.000    0.000    0.000    0.000 {method 'islower' of 'str' objects}
        5    0.000    0.000    0.000    0.000 functools.py:972(__set_name__)
        1    0.000    0.000    0.000    0.000 core.py:2372(_MaskedPrintOption)
        3    0.000    0.000    0.000    0.000 datetime.py:46(_days_before_year)
        1    0.000    0.000    0.000    0.000 _ufunc_config.py:30(<dictcomp>)
        1    0.000    0.000    0.000    0.000 __init__.py:43(__exit__)
        1    0.000    0.000    0.000    0.000 _internal.py:616(_Stream)
        1    0.000    0.000    0.000    0.000 _dtype_like.py:81(_SupportsDType)
        3    0.000    0.000    0.000    0.000 core.py:806(__init__)
        1    0.000    0.000    0.000    0.000 core.py:6735(_extrema_operation)
        1    0.000    0.000    0.000    0.000 core.py:8376(_convert2ma)
        3    0.000    0.000    0.000    0.000 __init__.py:504(CFunctionType)
        1    0.000    0.000    0.000    0.000 _iotools.py:133(LineSplitter)
        1    0.000    0.000    0.000    0.000 parse.py:820(_Quoter)
        1    0.000    0.000    0.000    0.000 random.py:787(SystemRandom)
       12    0.000    0.000    0.000    0.000 {method '__init_subclass__' of 'object' objects}
        1    0.000    0.000    0.000    0.000 threading.py:1317(_make_invoke_excepthook)
        1    0.000    0.000    0.000    0.000 __future__.py:81(_Feature)
        1    0.000    0.000    0.000    0.000 _ufunc_config.py:367(errstate)
        1    0.000    0.000    0.000    0.000 core.py:2589(MaskedIterator)
        1    0.000    0.000    0.000    0.000 parse.py:220(_NetlocResultMixinBytes)
        1    0.000    0.000    0.000    0.000 {built-in method _thread.get_native_id}
        1    0.000    0.000    0.000    0.000 _datasource.py:99(__init__)
        1    0.000    0.000    0.000    0.000 index_tricks.py:562(__init__)
        1    0.000    0.000    0.000    0.000 {method 'tolist' of 'memoryview' objects}
        1    0.000    0.000    0.000    0.000 ipaddress.py:2173(IPv6Network)
        2    0.000    0.000    0.000    0.000 pathlib.py:53(__init__)
        1    0.000    0.000    0.000    0.000 utils.py:104(_Deprecate)
        3    0.000    0.000    0.000    0.000 core.py:1362(getmask)
        5    0.000    0.000    0.000    0.000 enum.py:239(__init__)
        4    0.000    0.000    0.000    0.000 core.py:6544(__has_singleton)
        1    0.000    0.000    0.000    0.000 _globals.py:32(_NoValueType)
        8    0.000    0.000    0.000    0.000 {method 'removeprefix' of 'str' objects}
        1    0.000    0.000    0.000    0.000 _pytesttester.py:46(PytestTester)
        1    0.000    0.000    0.000    0.000 core.py:977(_MaskedBinaryOperation)
        1    0.000    0.000    0.000    0.000 {built-in method math.exp}
        1    0.000    0.000    0.000    0.000 index_tricks.py:618(ndindex)
        1    0.000    0.000    0.000    0.000 pathlib.py:422(_PathParents)
        9    0.000    0.000    0.000    0.000 _globals.py:58(__repr__)
        1    0.000    0.000    0.000    0.000 index_tricks.py:303(__init__)
        1    0.000    0.000    0.000    0.000 ctypeslib.py:202(_concrete_ndptr)
        8    0.000    0.000    0.000    0.000 typing.py:1028(<genexpr>)
        5    0.000    0.000    0.000    0.000 datetime.py:545(_check_tzinfo_arg)
        1    0.000    0.000    0.000    0.000 extras.py:213(_fromnxfunction)
        1    0.000    0.000    0.000    0.000 py3k.py:92(contextlib_nullcontext)
        1    0.000    0.000    0.000    0.000 _datasource.py:74(_FileOpeners)
        1    0.000    0.000    0.000    0.000 core.py:195(<listcomp>)
        1    0.000    0.000    0.000    0.000 pathlib.py:300(_Selector)
        1    0.000    0.000    0.000    0.000 index_tricks.py:569(ndenumerate)
        4    0.000    0.000    0.000    0.000 {method 'insert' of 'list' objects}
        1    0.000    0.000    0.000    0.000 datetime.py:1223(tzinfo)
        1    0.000    0.000    0.000    0.000 threading.py:279(_is_owned)
        1    0.000    0.000    0.000    0.000 threading.py:264(__enter__)
        2    0.000    0.000    0.000    0.000 {built-in method maketrans}
        1    0.000    0.000    0.000    0.000 _parser.py:96(checkgroup)
        6    0.000    0.000    0.000    0.000 core.py:846(__init__)
        4    0.000    0.000    0.000    0.000 {built-in method _warnings._filters_mutated}
        1    0.000    0.000    0.000    0.000 arrayprint.py:905(FloatingFormat)
        5    0.000    0.000    0.000    0.000 _inspect.py:143(<lambda>)
        2    0.000    0.000    0.000    0.000 {method 'acquire' of '_thread.lock' objects}
        1    0.000    0.000    0.000    0.000 threading.py:90(RLock)
        1    0.000    0.000    0.000    0.000 __init__.py:28(RTLD_for_MKL)
        1    0.000    0.000    0.000    0.000 core.py:903(_MaskedUnaryOperation)
        1    0.000    0.000    0.000    0.000 __init__.py:156(py_object)
        1    0.000    0.000    0.000    0.000 _exceptions.py:38(_UFuncNoLoopError)
        2    0.000    0.000    0.000    0.000 {method 'copy' of 'list' objects}
        1    0.000    0.000    0.000    0.000 threading.py:410(Semaphore)
        1    0.000    0.000    0.000    0.000 index_tricks.py:109(nd_grid)
        1    0.000    0.000    0.000    0.000 index_tricks.py:211(MGridClass)
        2    0.000    0.000    0.000    0.000 __init__.py:101(CFunctionType)
        2    0.000    0.000    0.000    0.000 {method 'clear' of 'dict' objects}
        1    0.000    0.000    0.000    0.000 exceptions.py:98(AxisError)
        2    0.000    0.000    0.000    0.000 index_tricks.py:144(__init__)
        5    0.000    0.000    0.000    0.000 typing.py:2892(<listcomp>)
        1    0.000    0.000    0.000    0.000 parse.py:190(_NetlocResultMixinStr)
        4    0.000    0.000    0.000    0.000 {method 'update' of 'set' objects}
        1    0.000    0.000    0.000    0.000 core.py:194(<listcomp>)
        1    0.000    0.000    0.000    0.000 __init__.py:10(NBitBase)
        4    0.000    0.000    0.000    0.000 _inspect.py:142(<lambda>)
        1    0.000    0.000    0.000    0.000 {method 'cast' of 'memoryview' objects}
        1    0.000    0.000    0.000    0.000 parse.py:136(_ResultMixinStr)
        1    0.000    0.000    0.000    0.000 numerictypes.py:425(_typedict)
        1    0.000    0.000    0.000    0.000 index_tricks.py:262(OGridClass)
        1    0.000    0.000    0.000    0.000 pathlib.py:378(_RecursiveWildcardSelector)
        1    0.000    0.000    0.000    0.000 {built-in method _imp.get_frozen_object}
        1    0.000    0.000    0.000    0.000 threading.py:267(__exit__)
        1    0.000    0.000    0.000    0.000 _exceptions.py:56(_UFuncBinaryResolutionError)
        3    0.000    0.000    0.000    0.000 core.py:867(__init__)
        1    0.000    0.000    0.000    0.000 pickle.py:97(_Stop)
        1    0.000    0.000    0.000    0.000 _endian.py:23(_swapped_meta)
        1    0.000    0.000    0.000    0.000 pathlib.py:347(_WildcardSelector)
        1    0.000    0.000    0.000    0.000 stride_tricks.py:15(DummyArray)
        4    0.000    0.000    0.000    0.000 {built-in method builtins.callable}
        1    0.000    0.000    0.000    0.000 __init__.py:370(_FuncPtr)
        1    0.000    0.000    0.000    0.000 numbers.py:12(Number)
        1    0.000    0.000    0.000    0.000 threading.py:1001(_set_ident)
        1    0.000    0.000    0.000    0.000 threading.py:1370(Timer)
        2    0.000    0.000    0.000    0.000 {built-in method math.log}
        1    0.000    0.000    0.000    0.000 core.py:6844(_frommethod)
        2    0.000    0.000    0.000    0.000 core.py:3433(shape)
        1    0.000    0.000    0.000    0.000 pathlib.py:331(_PreciseSelector)
        2    0.000    0.000    0.000    0.000 arrayprint.py:493(_recursive_guard)
        1    0.000    0.000    0.000    0.000 arrayprint.py:1278(_TimelikeFormat)
        1    0.000    0.000    0.000    0.000 pickle.py:73(PickleError)
        1    0.000    0.000    0.000    0.000 _exceptions.py:32(UFuncTypeError)
        1    0.000    0.000    0.000    0.000 {built-in method numpy._set_promotion_state}
        1    0.000    0.000    0.000    0.000 {method 'difference_update' of 'set' objects}
        1    0.000    0.000    0.000    0.000 pathlib.py:325(_TerminatingSelector)
        1    0.000    0.000    0.000    0.000 core.py:2378(__init__)
        2    0.000    0.000    0.000    0.000 __init__.py:440(__init__)
        1    0.000    0.000    0.000    0.000 parse.py:323(DefragResult)
        1    0.000    0.000    0.000    0.000 pathlib.py:834(PurePosixPath)
        1    0.000    0.000    0.000    0.000 _exceptions.py:80(_UFuncInputCastingError)
        1    0.000    0.000    0.000    0.000 {method 'disable' of '_lsprof.Profiler' objects}
        1    0.000    0.000    0.000    0.000 _array_like.py:44(_SupportsArrayFunc)
        1    0.000    0.000    0.000    0.000 arrayprint.py:1245(ComplexFloatingFormat)
        1    0.000    0.000    0.000    0.000 threading.py:498(BoundedSemaphore)
        1    0.000    0.000    0.000    0.000 __init__.py:399(PyDLL)
        1    0.000    0.000    0.000    0.000 parse.py:144(_ResultMixinBytes)
        1    0.000    0.000    0.000    0.000 _array_like.py:39(_SupportsArray)
        1    0.000    0.000    0.000    0.000 core.py:861(_DomainGreater)
        1    0.000    0.000    0.000    0.000 arrayprint.py:1341(SubArrayFormat)
        1    0.000    0.000    0.000    0.000 typing.py:2631(final)
        1    0.000    0.000    0.000    0.000 core.py:1125(_DomainedBinaryOperation)
        1    0.000    0.000    0.000    0.000 arrayprint.py:1222(IntegerFormat)
        1    0.000    0.000    0.000    0.000 dtypes.py:1(<module>)
        1    0.000    0.000    0.000    0.000 core.py:840(_DomainSafeDivide)
        1    0.000    0.000    0.000    0.000 {built-in method sys.getdlopenflags}
        2    0.000    0.000    0.000    0.000 {built-in method sys.setdlopenflags}
        1    0.000    0.000    0.000    0.000 {built-in method numpy.core._multiarray_umath.set_typeDict}
        1    0.000    0.000    0.000    0.000 copyreg.py:22(constructor)
        1    0.000    0.000    0.000    0.000 __init__.py:29(__init__)
        1    0.000    0.000    0.000    0.000 _exceptions.py:98(_UFuncOutputCastingError)
        1    0.000    0.000    0.000    0.000 _exceptions.py:71(_UFuncCastingError)
        5    0.000    0.000    0.000    0.000 enum.py:1142(__init__)
        1    0.000    0.000    0.000    0.000 __init__.py:256(c_wchar_p)
        1    0.000    0.000    0.000    0.000 typing.py:3085(<lambda>)
        1    0.000    0.000    0.000    0.000 __init__.py:240(c_char_p)
        1    0.000    0.000    0.000    0.000 core.py:822(_DomainTan)
        1    0.000    0.000    0.000    0.000 index_tricks.py:435(RClass)
        1    0.000    0.000    0.000    0.000 index_tricks.py:717(IndexExpression)
        1    0.000    0.000    0.000    0.000 parse.py:331(SplitResult)
        1    0.000    0.000    0.000    0.000 extras.py:1637(mr_class)
        2    0.000    0.000    0.000    0.000 core.py:883(__init__)
        1    0.000    0.000    0.000    0.000 core.py:893(_MaskedUFunc)
        1    0.000    0.000    0.000    0.000 extras.py:263(_fromnxfunction_single)
        1    0.000    0.000    0.000    0.000 parse.py:336(ParseResult)
        1    0.000    0.000    0.000    0.000 parse.py:350(SplitResultBytes)
        1    0.000    0.000    0.000    0.000 pickle.py:84(UnpicklingError)
        1    0.000    0.000    0.000    0.000 <frozen codecs>:260(__init__)
        1    0.000    0.000    0.000    0.000 ipaddress.py:1127(_BaseConstants)
        1    0.000    0.000    0.000    0.000 {built-in method numpy.core._multiarray_umath._reload_guard}
        2    0.000    0.000    0.000    0.000 index_tricks.py:761(__init__)
        1    0.000    0.000    0.000    0.000 pathlib.py:1391(PosixPath)
        1    0.000    0.000    0.000    0.000 polyutils.py:47(RankWarning)
        1    0.000    0.000    0.000    0.000 pathlib.py:844(PureWindowsPath)
        1    0.000    0.000    0.000    0.000 ipaddress.py:20(AddressValueError)
        1    0.000    0.000    0.000    0.000 arrayprint.py:1235(BoolFormat)
        1    0.000    0.000    0.000    0.000 polynomial.py:29(RankWarning)
        1    0.000    0.000    0.000    0.000 index_tricks.py:537(CClass)
        1    0.000    0.000    0.000    0.000 linalg.py:67(LinAlgError)
        1    0.000    0.000    0.000    0.000 _endian.py:48(BigEndianStructure)
        1    0.000    0.000    0.000    0.000 _internal.py:244(c_void_p)
        1    0.000    0.000    0.000    0.000 extras.py:294(_fromnxfunction_args)
        1    0.000    0.000    0.000    0.000 exceptions.py:47(ComplexWarning)
        1    0.000    0.000    0.000    0.000 threading.py:832(<listcomp>)
        1    0.000    0.000    0.000    0.000 _endian.py:55(BigEndianUnion)
        1    0.000    0.000    0.000    0.000 core.py:84(MaskedArrayFutureWarning)
        1    0.000    0.000    0.000    0.000 core.py:877(_DomainGreaterEqual)
        1    0.000    0.000    0.000    0.000 multiarray.py:153(concatenate)
        1    0.000    0.000    0.000    0.000 core.py:830(__init__)
        1    0.000    0.000    0.000    0.000 arrayprint.py:1336(TimedeltaFormat)
        1    0.000    0.000    0.000    0.000 parse.py:355(ParseResultBytes)
        1    0.000    0.000    0.000    0.000 _array_like.py:160(_UnknownType)
        1    0.000    0.000    0.000    0.000 _ufunc_config.py:360(_unspecified)
        1    0.000    0.000    0.000    0.000 _iotools.py:421(ConverterError)
        1    0.000    0.000    0.000    0.000 parse.py:342(DefragResultBytes)
        1    0.000    0.000    0.000    0.000 <string>:1(<module>)
        1    0.000    0.000    0.000    0.000 ipaddress.py:24(NetmaskValueError)
        1    0.000    0.000    0.000    0.000 {built-in method _thread._set_sentinel}
        1    0.000    0.000    0.000    0.000 extras.py:281(_fromnxfunction_seq)
        1    0.000    0.000    0.000    0.000 threading.py:1400(_MainThread)
        1    0.000    0.000    0.000    0.000 {built-in method numpy.core._multiarray_umath._set_madvise_hugepage}
        1    0.000    0.000    0.000    0.000 core.py:148(MAError)
        1    0.000    0.000    0.000    0.000 extras.py:319(_fromnxfunction_allargs)
        1    0.000    0.000    0.000    0.000 __init__.py:165(c_short)
        1    0.000    0.000    0.000    0.000 __init__.py:194(c_float)
        1    0.000    0.000    0.000    0.000 __init__.py:230(c_byte)
        1    0.000    0.000    0.000    0.000 multiarray.py:1080(copyto)
        1    0.000    0.000    0.000    0.000 pickle.py:77(PicklingError)
        1    0.000    0.000    0.000    0.000 __init__.py:246(c_void_p)
        1    0.000    0.000    0.000    0.000 threading.py:1199(daemon)
        1    0.000    0.000    0.000    0.000 __init__.py:173(c_long)
        1    0.000    0.000    0.000    0.000 __init__.py:177(c_ulong)
        1    0.000    0.000    0.000    0.000 multiarray.py:85(empty_like)
        1    0.000    0.000    0.000    0.000 __init__.py:79(_64Bit)
        1    0.000    0.000    0.000    0.000 exceptions.py:58(ModuleDeprecationWarning)
        1    0.000    0.000    0.000    0.000 _iotools.py:437(ConversionWarning)
        1    0.000    0.000    0.000    0.000 {built-in method numpy._using_numpy2_behavior}
        1    0.000    0.000    0.000    0.000 _endian.py:34(_swapped_struct_meta)
        1    0.000    0.000    0.000    0.000 _iotools.py:429(ConverterLockError)
        1    0.000    0.000    0.000    0.000 __init__.py:67(_256Bit)
        1    0.000    0.000    0.000    0.000 __init__.py:169(c_ushort)
        1    0.000    0.000    0.000    0.000 core.py:156(MaskError)
        1    0.000    0.000    0.000    0.000 exceptions.py:74(VisibleDeprecationWarning)
        1    0.000    0.000    0.000    0.000 _parser.py:99(checklookbehindgroup)
        1    0.000    0.000    0.000    0.000 __init__.py:186(c_int)
        1    0.000    0.000    0.000    0.000 __init__.py:235(c_char)
        1    0.000    0.000    0.000    0.000 {method '__exit__' of '_thread.RLock' objects}
        1    0.000    0.000    0.000    0.000 __init__.py:190(c_uint)
        1    0.000    0.000    0.000    0.000 exceptions.py:189(DTypePromotionError)
        1    0.000    0.000    0.000    0.000 exceptions.py:85(TooHardError)
        1    0.000    0.000    0.000    0.000 {built-in method math.sqrt}
        1    0.000    0.000    0.000    0.000 threading.py:798(BrokenBarrierError)
        1    0.000    0.000    0.000    0.000 __init__.py:198(c_double)
        1    0.000    0.000    0.000    0.000 __init__.py:223(c_ubyte)
        1    0.000    0.000    0.000    0.000 __init__.py:251(c_bool)
        1    0.000    0.000    0.000    0.000 __init__.py:70(_128Bit)
        1    0.000    0.000    0.000    0.000 __init__.py:202(c_longdouble)
        1    0.000    0.000    0.000    0.000 __init__.py:82(_32Bit)
        1    0.000    0.000    0.000    0.000 _endian.py:35(_swapped_union_meta)
        1    0.000    0.000    0.000    0.000 __init__.py:73(_96Bit)
        1    0.000    0.000    0.000    0.000 __init__.py:85(_16Bit)
        1    0.000    0.000    0.000    0.000 contextlib.py:65(_recreate_cm)
        1    0.000    0.000    0.000    0.000 __init__.py:88(_8Bit)
        1    0.000    0.000    0.000    0.000 __init__.py:76(_80Bit)
        1    0.000    0.000    0.000    0.000 {method '__enter__' of '_thread.lock' objects}
        1    0.000    0.000    0.000    0.000 __init__.py:261(c_wchar)
        1    0.000    0.000    0.000    0.000 random.py:814(seed)


